0 info it worked if it ends with ok
1 verbose cli [ '/usr/bin/nodejs', '/usr/bin/npm', 'install', 'arp-a', '--save' ]
2 info using npm@3.10.10
3 info using node@v6.11.0
4 silly loadCurrentTree Starting
5 silly install loadCurrentTree
6 silly install readLocalPackageData
7 silly fetchPackageMetaData arp-a@^0.5.2
8 silly fetchNamedPackageData arp-a
9 silly mapToRegistry name arp-a
10 silly mapToRegistry using default registry
11 silly mapToRegistry registry https://registry.npmjs.org/
12 silly mapToRegistry data Result {
12 silly mapToRegistry   raw: 'arp-a',
12 silly mapToRegistry   scope: null,
12 silly mapToRegistry   escapedName: 'arp-a',
12 silly mapToRegistry   name: 'arp-a',
12 silly mapToRegistry   rawSpec: '',
12 silly mapToRegistry   spec: 'latest',
12 silly mapToRegistry   type: 'tag' }
13 silly mapToRegistry uri https://registry.npmjs.org/arp-a
14 verbose request uri https://registry.npmjs.org/arp-a
15 verbose request no auth needed
16 info attempt registry request try #1 at 9:54:59 AM
17 verbose request id 7e8677943f5cb464
18 http request GET https://registry.npmjs.org/arp-a
19 http 200 https://registry.npmjs.org/arp-a
20 verbose headers { server: 'nginx/1.10.1',
20 verbose headers   'content-type': 'application/json',
20 verbose headers   'last-modified': 'Mon, 28 Aug 2017 15:12:22 GMT',
20 verbose headers   etag: 'W/"59a432d6-32fb"',
20 verbose headers   'content-encoding': 'gzip',
20 verbose headers   'cache-control': 'max-age=300',
20 verbose headers   'content-length': '2680',
20 verbose headers   'accept-ranges': 'bytes',
20 verbose headers   date: 'Mon, 18 Sep 2017 09:55:00 GMT',
20 verbose headers   via: '1.1 varnish',
20 verbose headers   age: '0',
20 verbose headers   connection: 'keep-alive',
20 verbose headers   'x-served-by': 'cache-iad2147-IAD',
20 verbose headers   'x-cache': 'MISS',
20 verbose headers   'x-cache-hits': '0',
20 verbose headers   'x-timer': 'S1505728500.050536,VS0,VE218',
20 verbose headers   vary: 'Accept-Encoding, Accept' }
21 silly get cb [ 200,
21 silly get   { server: 'nginx/1.10.1',
21 silly get     'content-type': 'application/json',
21 silly get     'last-modified': 'Mon, 28 Aug 2017 15:12:22 GMT',
21 silly get     etag: 'W/"59a432d6-32fb"',
21 silly get     'content-encoding': 'gzip',
21 silly get     'cache-control': 'max-age=300',
21 silly get     'content-length': '2680',
21 silly get     'accept-ranges': 'bytes',
21 silly get     date: 'Mon, 18 Sep 2017 09:55:00 GMT',
21 silly get     via: '1.1 varnish',
21 silly get     age: '0',
21 silly get     connection: 'keep-alive',
21 silly get     'x-served-by': 'cache-iad2147-IAD',
21 silly get     'x-cache': 'MISS',
21 silly get     'x-cache-hits': '0',
21 silly get     'x-timer': 'S1505728500.050536,VS0,VE218',
21 silly get     vary: 'Accept-Encoding, Accept' } ]
22 verbose get saving arp-a to /home/ubuntu/.npm/registry.npmjs.org/arp-a/.cache.json
23 verbose correctMkdir /home/ubuntu/.npm correctMkdir not in flight; initializing
24 silly install normalizeTree
25 silly loadCurrentTree Finishing
26 silly loadIdealTree Starting
27 silly install loadIdealTree
28 silly cloneCurrentTree Starting
29 silly install cloneCurrentTreeToIdealTree
30 silly cloneCurrentTree Finishing
31 silly loadShrinkwrap Starting
32 silly install loadShrinkwrap
33 silly loadShrinkwrap Finishing
34 silly loadAllDepsIntoIdealTree Starting
35 silly install loadAllDepsIntoIdealTree
36 silly resolveWithNewModule arp-a@0.5.2 checking installable status
37 silly cache add args [ 'arp-a@^0.5.2', null ]
38 verbose cache add spec arp-a@^0.5.2
39 silly cache add parsed spec Result {
39 silly cache add   raw: 'arp-a@^0.5.2',
39 silly cache add   scope: null,
39 silly cache add   escapedName: 'arp-a',
39 silly cache add   name: 'arp-a',
39 silly cache add   rawSpec: '^0.5.2',
39 silly cache add   spec: '>=0.5.2 <0.6.0',
39 silly cache add   type: 'range' }
40 silly addNamed arp-a@>=0.5.2 <0.6.0
41 verbose addNamed ">=0.5.2 <0.6.0" is a valid semver range for arp-a
42 silly addNameRange { name: 'arp-a', range: '>=0.5.2 <0.6.0', hasData: false }
43 silly mapToRegistry name arp-a
44 silly mapToRegistry using default registry
45 silly mapToRegistry registry https://registry.npmjs.org/
46 silly mapToRegistry data Result {
46 silly mapToRegistry   raw: 'arp-a',
46 silly mapToRegistry   scope: null,
46 silly mapToRegistry   escapedName: 'arp-a',
46 silly mapToRegistry   name: 'arp-a',
46 silly mapToRegistry   rawSpec: '',
46 silly mapToRegistry   spec: 'latest',
46 silly mapToRegistry   type: 'tag' }
47 silly mapToRegistry uri https://registry.npmjs.org/arp-a
48 verbose addNameRange registry:https://registry.npmjs.org/arp-a not in flight; fetching
49 verbose get https://registry.npmjs.org/arp-a not expired, no request
50 silly addNameRange number 2 { name: 'arp-a', range: '>=0.5.2 <0.6.0', hasData: true }
51 silly addNameRange versions [ 'arp-a',
51 silly addNameRange   [ '0.0.1',
51 silly addNameRange     '0.1.0',
51 silly addNameRange     '0.2.1',
51 silly addNameRange     '0.2.2',
51 silly addNameRange     '0.3.0',
51 silly addNameRange     '0.4.0',
51 silly addNameRange     '0.4.1',
51 silly addNameRange     '0.4.2',
51 silly addNameRange     '0.5.0',
51 silly addNameRange     '0.5.1',
51 silly addNameRange     '0.5.2' ] ]
52 silly addNamed arp-a@0.5.2
53 verbose addNamed "0.5.2" is a plain semver version for arp-a
54 silly mapToRegistry name arp-a
55 silly mapToRegistry using default registry
56 silly mapToRegistry registry https://registry.npmjs.org/
57 silly mapToRegistry data Result {
57 silly mapToRegistry   raw: 'arp-a',
57 silly mapToRegistry   scope: null,
57 silly mapToRegistry   escapedName: 'arp-a',
57 silly mapToRegistry   name: 'arp-a',
57 silly mapToRegistry   rawSpec: '',
57 silly mapToRegistry   spec: 'latest',
57 silly mapToRegistry   type: 'tag' }
58 silly mapToRegistry uri https://registry.npmjs.org/arp-a
59 verbose addRemoteTarball https://registry.npmjs.org/arp-a/-/arp-a-0.5.2.tgz not in flight; adding
60 verbose addRemoteTarball [ 'https://registry.npmjs.org/arp-a/-/arp-a-0.5.2.tgz',
60 verbose addRemoteTarball   '9a8722eaae903f59cfc28193b0041cf449bdd15a' ]
61 info retry fetch attempt 1 at 9:55:00 AM
62 info attempt registry request try #1 at 9:55:00 AM
63 http fetch GET https://registry.npmjs.org/arp-a/-/arp-a-0.5.2.tgz
64 http fetch 200 https://registry.npmjs.org/arp-a/-/arp-a-0.5.2.tgz
65 silly fetchAndShaCheck shasum 9a8722eaae903f59cfc28193b0041cf449bdd15a
66 verbose addTmpTarball /tmp/npm-17709-54bb471e/registry.npmjs.org/arp-a/-/arp-a-0.5.2.tgz not in flight; adding
67 verbose addTmpTarball already have metadata; skipping unpack for arp-a@0.5.2
68 verbose correctMkdir /home/ubuntu/.npm correctMkdir not in flight; initializing
69 silly cache afterAdd arp-a@0.5.2
70 verbose afterAdd /home/ubuntu/.npm/arp-a/0.5.2/package/package.json not in flight; writing
71 verbose correctMkdir /home/ubuntu/.npm correctMkdir not in flight; initializing
72 verbose afterAdd /home/ubuntu/.npm/arp-a/0.5.2/package/package.json written
73 silly fetchNamedPackageData fsevents
74 silly mapToRegistry name fsevents
75 silly mapToRegistry using default registry
76 silly mapToRegistry registry https://registry.npmjs.org/
77 silly mapToRegistry data Result {
77 silly mapToRegistry   raw: 'fsevents',
77 silly mapToRegistry   scope: null,
77 silly mapToRegistry   escapedName: 'fsevents',
77 silly mapToRegistry   name: 'fsevents',
77 silly mapToRegistry   rawSpec: '',
77 silly mapToRegistry   spec: 'latest',
77 silly mapToRegistry   type: 'tag' }
78 silly mapToRegistry uri https://registry.npmjs.org/fsevents
79 verbose request uri https://registry.npmjs.org/fsevents
80 verbose request no auth needed
81 info attempt registry request try #1 at 9:55:01 AM
82 verbose etag W/"597215e7-dd9a"
83 verbose lastModified Fri, 21 Jul 2017 14:55:35 GMT
84 http request GET https://registry.npmjs.org/fsevents
85 http 304 https://registry.npmjs.org/fsevents
86 verbose headers { date: 'Mon, 18 Sep 2017 09:55:01 GMT',
86 verbose headers   via: '1.1 varnish',
86 verbose headers   'cache-control': 'max-age=300',
86 verbose headers   etag: 'W/"597215e7-dd9a"',
86 verbose headers   age: '279',
86 verbose headers   connection: 'keep-alive',
86 verbose headers   'x-served-by': 'cache-iad2147-IAD',
86 verbose headers   'x-cache': 'HIT',
86 verbose headers   'x-cache-hits': '17',
86 verbose headers   'x-timer': 'S1505728501.015697,VS0,VE0',
86 verbose headers   vary: 'Accept-Encoding, Accept' }
87 silly get cb [ 304,
87 silly get   { date: 'Mon, 18 Sep 2017 09:55:01 GMT',
87 silly get     via: '1.1 varnish',
87 silly get     'cache-control': 'max-age=300',
87 silly get     etag: 'W/"597215e7-dd9a"',
87 silly get     age: '279',
87 silly get     connection: 'keep-alive',
87 silly get     'x-served-by': 'cache-iad2147-IAD',
87 silly get     'x-cache': 'HIT',
87 silly get     'x-cache-hits': '17',
87 silly get     'x-timer': 'S1505728501.015697,VS0,VE0',
87 silly get     vary: 'Accept-Encoding, Accept' } ]
88 verbose etag https://registry.npmjs.org/fsevents from cache
89 verbose get saving fsevents to /home/ubuntu/.npm/registry.npmjs.org/fsevents/.cache.json
90 verbose correctMkdir /home/ubuntu/.npm correctMkdir not in flight; initializing
91 silly resolveWithNewModule fsevents@1.1.2 checking installable status
92 silly loadAllDepsIntoIdealTree Finishing
93 silly loadIdealTree Finishing
94 silly currentTree express-skeleton@0.0.0
94 silly currentTree ├── abbrev@1.1.0
94 silly currentTree ├── accepts@1.2.13
94 silly currentTree ├── addressparser@0.3.2
94 silly currentTree ├── ajv@4.11.8
94 silly currentTree ├── angular-ui-bootstrap@2.5.0
94 silly currentTree ├── ansi-regex@2.1.1
94 silly currentTree ├── ansi-styles@2.2.1
94 silly currentTree ├── ansicolors@0.2.1
94 silly currentTree ├── anymatch@1.3.0
94 silly currentTree ├── append-field@0.1.0
94 silly currentTree ├── archy@1.0.0
94 silly currentTree ├── arr-diff@2.0.0
94 silly currentTree ├── arr-flatten@1.0.1
94 silly currentTree ├── array-differ@1.0.0
94 silly currentTree ├── array-flatten@1.1.1
94 silly currentTree ├── array-uniq@1.0.2
94 silly currentTree ├── array-unique@0.2.1
94 silly currentTree ├── arrify@1.0.1
94 silly currentTree ├── asap@2.0.5
94 silly currentTree ├── asn1@0.2.3
94 silly currentTree ├── assert-plus@0.2.0
94 silly currentTree ├── async-each@1.0.1
94 silly currentTree ├── async@2.1.4
94 silly currentTree ├── asynckit@0.4.0
94 silly currentTree ├── aws-sdk-apis@3.1.10
94 silly currentTree ├─┬ aws-sdk@2.23.0
94 silly currentTree │ └── uuid@3.0.0
94 silly currentTree ├── aws-sign2@0.6.0
94 silly currentTree ├── aws4@1.6.0
94 silly currentTree ├── b64url@1.0.3
94 silly currentTree ├── balanced-match@0.4.2
94 silly currentTree ├── base-x@3.0.2
94 silly currentTree ├── base64-js@1.2.0
94 silly currentTree ├── base64-url@1.3.3
94 silly currentTree ├── base64url@2.0.0
94 silly currentTree ├── basic-auth@1.0.4
94 silly currentTree ├── bcrypt-nodejs@0.0.3
94 silly currentTree ├── bcrypt-pbkdf@1.0.1
94 silly currentTree ├── beeper@1.1.1
94 silly currentTree ├── binary-extensions@1.8.0
94 silly currentTree ├─┬ bl@1.0.0
94 silly currentTree │ ├── isarray@1.0.0
94 silly currentTree │ └── readable-stream@2.0.6
94 silly currentTree ├── bluebird@2.10.2
94 silly currentTree ├── body-parser@1.15.2
94 silly currentTree ├── boom@2.10.1
94 silly currentTree ├── brace-expansion@1.1.6
94 silly currentTree ├── braces@1.8.5
94 silly currentTree ├── bson@1.0.4
94 silly currentTree ├── buffer-equal-constant-time@1.0.1
94 silly currentTree ├── buffer-shims@1.0.0
94 silly currentTree ├─┬ buffer@4.9.1
94 silly currentTree │ └── isarray@1.0.0
94 silly currentTree ├── bulksms@0.0.3
94 silly currentTree ├── busboy@0.2.14
94 silly currentTree ├── bytes@2.4.0
94 silly currentTree ├── camelize@1.0.0
94 silly currentTree ├── cardinal@1.0.0
94 silly currentTree ├── caseless@0.12.0
94 silly currentTree ├── chalk@1.1.3
94 silly currentTree ├── chokidar@1.6.1
94 silly currentTree ├─┬ cli-table@0.3.1
94 silly currentTree │ └── colors@1.0.3
94 silly currentTree ├── cli-usage@0.1.4
94 silly currentTree ├── clone-stats@0.0.1
94 silly currentTree ├── clone@1.0.2
94 silly currentTree ├── co@4.6.0
94 silly currentTree ├── colors@1.1.2
94 silly currentTree ├── combined-stream@1.0.5
94 silly currentTree ├── commander@2.0.0
94 silly currentTree ├── concat-map@0.0.1
94 silly currentTree ├─┬ concat-stream@1.6.0
94 silly currentTree │ ├── isarray@1.0.0
94 silly currentTree │ └── readable-stream@2.2.3
94 silly currentTree ├─┬ configstore@1.4.0
94 silly currentTree │ ├── graceful-fs@4.1.11
94 silly currentTree │ └── object-assign@4.1.1
94 silly currentTree ├─┬ connect@3.6.0
94 silly currentTree │ ├── debug@2.6.1
94 silly currentTree │ ├── finalhandler@1.0.0
94 silly currentTree │ └── ms@0.7.2
94 silly currentTree ├── content-disposition@0.5.1
94 silly currentTree ├── content-security-policy-builder@1.1.0
94 silly currentTree ├── content-type@1.0.2
94 silly currentTree ├── cookie-parser@1.4.3
94 silly currentTree ├── cookie-signature@1.0.6
94 silly currentTree ├── cookie@0.3.1
94 silly currentTree ├── core-util-is@1.0.2
94 silly currentTree ├── crc@3.4.4
94 silly currentTree ├── cryptiles@2.0.5
94 silly currentTree ├── cryptlib@1.0.3
94 silly currentTree ├── crypto-browserify@1.0.9
94 silly currentTree ├── crypto-js@3.1.9-1
94 silly currentTree ├── crypto@0.0.3
94 silly currentTree ├── cryptr@2.0.0
94 silly currentTree ├─┬ dashdash@1.14.1
94 silly currentTree │ └── assert-plus@1.0.0
94 silly currentTree ├── dasherize@2.0.0
94 silly currentTree ├── dashify@0.2.2
94 silly currentTree ├─┬ datatables-query@0.2.0
94 silly currentTree │ └── async@1.5.2
94 silly currentTree ├── dateformat@2.0.0
94 silly currentTree ├── debug@2.2.0
94 silly currentTree ├── deep-extend@0.4.1
94 silly currentTree ├── defaults@1.0.3
94 silly currentTree ├── delayed-stream@1.0.0
94 silly currentTree ├── depd@1.1.0
94 silly currentTree ├── deprecate@1.0.0
94 silly currentTree ├── deprecated@0.0.1
94 silly currentTree ├── destroy@1.0.4
94 silly currentTree ├── detect-file@0.1.0
94 silly currentTree ├── dicer@0.2.5
94 silly currentTree ├── directmail@0.1.8
94 silly currentTree ├─┬ dkim-signer@0.1.2
94 silly currentTree │ └── punycode@1.2.4
94 silly currentTree ├── dns-prefetch-control@0.1.0
94 silly currentTree ├── dont-sniff-mimetype@1.0.0
94 silly currentTree ├── duplexer@0.1.1
94 silly currentTree ├── duplexer2@0.0.2
94 silly currentTree ├─┬ duplexify@3.5.0
94 silly currentTree │ ├── end-of-stream@1.0.0
94 silly currentTree │ ├── isarray@1.0.0
94 silly currentTree │ └── readable-stream@2.2.3
94 silly currentTree ├── eachr@3.2.0
94 silly currentTree ├── ecc-jsbn@0.1.1
94 silly currentTree ├── ecdsa-sig-formatter@1.0.9
94 silly currentTree ├── editions@1.3.3
94 silly currentTree ├── ee-first@1.1.1
94 silly currentTree ├── ejs@2.4.2
94 silly currentTree ├── encodeurl@1.0.1
94 silly currentTree ├── encoding@0.1.12
94 silly currentTree ├── end-of-stream@0.1.5
94 silly currentTree ├── es6-promise@3.2.1
94 silly currentTree ├── escape-html@1.0.3
94 silly currentTree ├── escape-string-regexp@1.0.5
94 silly currentTree ├── esprima@3.0.0
94 silly currentTree ├── etag@1.7.0
94 silly currentTree ├── event-stream@3.3.4
94 silly currentTree ├── expand-brackets@0.1.5
94 silly currentTree ├── expand-range@1.8.2
94 silly currentTree ├── expand-tilde@1.2.2
94 silly currentTree ├─┬ express-jwt@5.1.0
94 silly currentTree │ ├── async@1.5.2
94 silly currentTree │ └── jsonwebtoken@6.2.0
94 silly currentTree ├─┬ express-mailer@0.3.1
94 silly currentTree │ ├── aws-sdk@2.0.5
94 silly currentTree │ ├── nodemailer@0.7.1
94 silly currentTree │ ├── sax@0.4.2
94 silly currentTree │ ├── xml2js@0.2.6
94 silly currentTree │ └── xmlbuilder@0.4.2
94 silly currentTree ├─┬ express-session@1.15.1
94 silly currentTree │ ├── debug@2.6.1
94 silly currentTree │ └── ms@0.7.2
94 silly currentTree ├── express-unless@0.3.0
94 silly currentTree ├─┬ express@4.13.4
94 silly currentTree │ ├── cookie@0.1.5
94 silly currentTree │ └── qs@4.0.0
94 silly currentTree ├── extend@3.0.0
94 silly currentTree ├── extglob@0.3.2
94 silly currentTree ├── extract-opts@3.3.1
94 silly currentTree ├── extsprintf@1.0.2
94 silly currentTree ├── Faker@0.5.12
94 silly currentTree ├── fancy-log@1.3.0
94 silly currentTree ├── faye-websocket@0.7.3
94 silly currentTree ├── file-type@3.9.0
94 silly currentTree ├── filename-regex@2.0.0
94 silly currentTree ├── fill-range@2.2.3
94 silly currentTree ├── finalhandler@0.4.1
94 silly currentTree ├── find-index@0.1.1
94 silly currentTree ├── findup-sync@0.4.3
94 silly currentTree ├── fined@1.0.2
94 silly currentTree ├── first-chunk-stream@1.0.0
94 silly currentTree ├── flagged-respawn@0.3.2
94 silly currentTree ├── follow-redirects@0.0.3
94 silly currentTree ├── for-in@1.0.2
94 silly currentTree ├── for-own@0.1.5
94 silly currentTree ├── forever-agent@0.6.1
94 silly currentTree ├── form-data@2.1.4
94 silly currentTree ├── forwarded@0.1.0
94 silly currentTree ├── frameguard@3.0.0
94 silly currentTree ├── free-mobile-sms-api@1.0.4
94 silly currentTree ├── fresh@0.3.0
94 silly currentTree ├── from@0.1.3
94 silly currentTree ├── fs-exists-sync@0.1.0
94 silly currentTree ├── gaze@0.5.2
94 silly currentTree ├── generate-password@1.3.0
94 silly currentTree ├─┬ genie@0.1.8
94 silly currentTree │ ├── moment@2.0.0
94 silly currentTree │ └── underscore@1.4.4
94 silly currentTree ├── getmac@1.2.1
94 silly currentTree ├─┬ getpass@0.1.7
94 silly currentTree │ └── assert-plus@1.0.0
94 silly currentTree ├── glob-base@0.3.0
94 silly currentTree ├── glob-parent@2.0.0
94 silly currentTree ├─┬ glob-stream@3.1.18
94 silly currentTree │ ├── readable-stream@1.0.34
94 silly currentTree │ └── through2@0.6.5
94 silly currentTree ├── glob-watcher@0.0.6
94 silly currentTree ├── glob@4.5.3
94 silly currentTree ├── glob2base@0.0.12
94 silly currentTree ├── global-modules@0.2.3
94 silly currentTree ├── global-prefix@0.1.5
94 silly currentTree ├─┬ globule@0.1.0
94 silly currentTree │ ├── glob@3.1.21
94 silly currentTree │ ├── graceful-fs@1.2.3
94 silly currentTree │ ├── inherits@1.0.2
94 silly currentTree │ ├── lodash@1.0.2
94 silly currentTree │ └── minimatch@0.2.14
94 silly currentTree ├── glogg@1.0.0
94 silly currentTree ├── got@3.3.1
94 silly currentTree ├── graceful-fs@3.0.11
94 silly currentTree ├── growly@1.3.0
94 silly currentTree ├─┬ gulp-livereload@3.8.1
94 silly currentTree │ ├── ansi-regex@0.2.1
94 silly currentTree │ ├── ansi-styles@1.1.0
94 silly currentTree │ ├── chalk@0.5.1
94 silly currentTree │ ├── has-ansi@0.1.0
94 silly currentTree │ ├── strip-ansi@0.3.0
94 silly currentTree │ └── supports-color@0.2.0
94 silly currentTree ├── gulp-nodemon@2.2.1
94 silly currentTree ├─┬ gulp-notify@2.2.0
94 silly currentTree │ ├── readable-stream@1.0.34
94 silly currentTree │ └── through2@0.6.5
94 silly currentTree ├─┬ gulp-util@3.0.8
94 silly currentTree │ └── minimist@1.2.0
94 silly currentTree ├─┬ gulp@3.9.1
94 silly currentTree │ ├── minimist@1.2.0
94 silly currentTree │ └── semver@4.3.6
94 silly currentTree ├── gulplog@1.0.0
94 silly currentTree ├── har-schema@1.0.5
94 silly currentTree ├── har-validator@4.2.1
94 silly currentTree ├── has-ansi@2.0.0
94 silly currentTree ├── has-gulplog@0.1.0
94 silly currentTree ├── hawk@3.1.3
94 silly currentTree ├── he@0.3.6
94 silly currentTree ├── helmet-csp@2.3.0
94 silly currentTree ├── helmet@3.4.1
94 silly currentTree ├── hide-powered-by@1.0.0
94 silly currentTree ├── hoek@2.16.3
94 silly currentTree ├── homedir-polyfill@1.0.1
94 silly currentTree ├── hooks-fixed@1.2.0
94 silly currentTree ├── hooks@0.2.1
94 silly currentTree ├── hpkp@2.0.0
94 silly currentTree ├── hsts@2.0.0
94 silly currentTree ├── http-errors@1.5.1
94 silly currentTree ├── http-signature@1.1.1
94 silly currentTree ├── iconv-lite@0.4.13
94 silly currentTree ├── ieee754@1.1.8
94 silly currentTree ├── ienoopen@1.0.0
94 silly currentTree ├── ignore-by-default@1.0.1
94 silly currentTree ├── imurmurhash@0.1.4
94 silly currentTree ├── infinity-agent@2.0.3
94 silly currentTree ├── inflight@1.0.6
94 silly currentTree ├── inherits@2.0.3
94 silly currentTree ├── ini@1.3.4
94 silly currentTree ├── interpret@1.0.1
94 silly currentTree ├─┬ invoice-generator@0.3.0
94 silly currentTree │ ├── async@0.2.10
94 silly currentTree │ ├── moment@2.0.0
94 silly currentTree │ └── underscore@1.4.4
94 silly currentTree ├── ipaddr.js@1.0.5
94 silly currentTree ├── is-absolute@0.2.6
94 silly currentTree ├── is-binary-path@1.0.1
94 silly currentTree ├── is-buffer@1.1.4
94 silly currentTree ├── is-dotfile@1.0.2
94 silly currentTree ├── is-equal-shallow@0.1.3
94 silly currentTree ├── is-extendable@0.1.1
94 silly currentTree ├── is-extglob@1.0.0
94 silly currentTree ├── is-finite@1.0.2
94 silly currentTree ├── is-glob@2.0.1
94 silly currentTree ├── is-npm@1.0.0
94 silly currentTree ├── is-number@2.1.0
94 silly currentTree ├── is-posix-bracket@0.1.1
94 silly currentTree ├── is-primitive@2.0.0
94 silly currentTree ├── is-redirect@1.0.0
94 silly currentTree ├── is-relative@0.2.1
94 silly currentTree ├── is-stream@1.1.0
94 silly currentTree ├── is-typedarray@1.0.0
94 silly currentTree ├── is-unc-path@0.1.2
94 silly currentTree ├── is-utf8@0.2.1
94 silly currentTree ├── is-windows@0.2.0
94 silly currentTree ├── is@3.2.1
94 silly currentTree ├── isarray@0.0.1
94 silly currentTree ├── isemail@1.2.0
94 silly currentTree ├── isexe@1.1.2
94 silly currentTree ├── iso8601@1.1.1
94 silly currentTree ├─┬ isobject@2.1.0
94 silly currentTree │ └── isarray@1.0.0
94 silly currentTree ├── isodate@0.1.4
94 silly currentTree ├── isstream@0.1.2
94 silly currentTree ├── jmespath@0.15.0
94 silly currentTree ├── joi@6.10.1
94 silly currentTree ├── jsbn@0.1.1
94 silly currentTree ├── json-schema@0.2.3
94 silly currentTree ├── json-stable-stringify@1.0.1
94 silly currentTree ├── json-stringify-safe@5.0.1
94 silly currentTree ├── jsonify@0.0.0
94 silly currentTree ├─┬ jsonwebtoken@7.4.1
94 silly currentTree │ └── ms@2.0.0
94 silly currentTree ├─┬ jsprim@1.4.0
94 silly currentTree │ └── assert-plus@1.0.0
94 silly currentTree ├── jwa@1.1.5
94 silly currentTree ├── jws@3.1.4
94 silly currentTree ├── kareem@1.2.1
94 silly currentTree ├── kerberos@0.0.3
94 silly currentTree ├── kind-of@3.1.0
94 silly currentTree ├── latest-version@1.0.1
94 silly currentTree ├── liftoff@2.3.0
94 silly currentTree ├── livereload-js@2.2.2
94 silly currentTree ├── lodash._arraycopy@3.0.0
94 silly currentTree ├── lodash._arrayeach@3.0.0
94 silly currentTree ├── lodash._baseassign@3.2.0
94 silly currentTree ├── lodash._baseclone@3.3.0
94 silly currentTree ├── lodash._basecopy@3.0.1
94 silly currentTree ├── lodash._basefor@3.0.3
94 silly currentTree ├── lodash._basetostring@3.0.1
94 silly currentTree ├── lodash._basevalues@3.0.0
94 silly currentTree ├── lodash._bindcallback@3.0.1
94 silly currentTree ├── lodash._createassigner@3.1.1
94 silly currentTree ├── lodash._getnative@3.9.1
94 silly currentTree ├── lodash._isiterateecall@3.0.9
94 silly currentTree ├── lodash._reescape@3.0.0
94 silly currentTree ├── lodash._reevaluate@3.0.0
94 silly currentTree ├── lodash._reinterpolate@3.0.0
94 silly currentTree ├── lodash._root@3.0.1
94 silly currentTree ├── lodash.assign@3.2.0
94 silly currentTree ├── lodash.assignwith@4.2.0
94 silly currentTree ├── lodash.clonedeep@3.0.2
94 silly currentTree ├── lodash.defaults@3.1.2
94 silly currentTree ├── lodash.escape@3.2.0
94 silly currentTree ├── lodash.isarguments@3.1.0
94 silly currentTree ├── lodash.isarray@3.0.4
94 silly currentTree ├── lodash.isempty@4.4.0
94 silly currentTree ├── lodash.isplainobject@4.0.6
94 silly currentTree ├── lodash.isstring@4.0.1
94 silly currentTree ├── lodash.keys@3.1.2
94 silly currentTree ├── lodash.mapvalues@4.6.0
94 silly currentTree ├── lodash.once@4.1.1
94 silly currentTree ├── lodash.pick@4.4.0
94 silly currentTree ├── lodash.reduce@4.6.0
94 silly currentTree ├── lodash.restparam@3.6.1
94 silly currentTree ├── lodash.set@4.3.2
94 silly currentTree ├── lodash.template@3.6.2
94 silly currentTree ├── lodash.templatesettings@3.1.1
94 silly currentTree ├── lodash@4.17.4
94 silly currentTree ├── lowercase-keys@1.0.0
94 silly currentTree ├── lru-cache@2.7.3
94 silly currentTree ├── macaddress@0.2.8
94 silly currentTree ├─┬ mailcomposer@0.2.12
94 silly currentTree │ └── mime@1.2.11
94 silly currentTree ├── map-cache@0.2.2
94 silly currentTree ├── map-stream@0.1.0
94 silly currentTree ├─┬ marked-terminal@1.7.0
94 silly currentTree │ └── lodash.assign@4.2.0
94 silly currentTree ├── marked@0.3.6
94 silly currentTree ├── media-typer@0.3.0
94 silly currentTree ├── merge-descriptors@1.0.1
94 silly currentTree ├── methods@1.1.2
94 silly currentTree ├── micromatch@2.3.11
94 silly currentTree ├── mime-db@1.26.0
94 silly currentTree ├── mime-types@2.1.14
94 silly currentTree ├── mime@1.3.4
94 silly currentTree ├── mimelib@0.2.19
94 silly currentTree ├─┬ mini-lr@0.1.9
94 silly currentTree │ ├─┬ body-parser@1.14.2
94 silly currentTree │ │ └── qs@5.2.0
94 silly currentTree │ ├── bytes@2.2.0
94 silly currentTree │ ├── http-errors@1.3.1
94 silly currentTree │ └── qs@2.2.5
94 silly currentTree ├── minimatch@2.0.10
94 silly currentTree ├── minimist@0.0.8
94 silly currentTree ├── mkdirp@0.5.1
94 silly currentTree ├── moment@2.17.1
94 silly currentTree ├── mongodb-core@2.1.8
94 silly currentTree ├─┬ mongodb@2.2.24
94 silly currentTree │ ├── isarray@1.0.0
94 silly currentTree │ └── readable-stream@2.1.5
94 silly currentTree ├─┬ mongoose-regex@0.0.2
94 silly currentTree │ ├── bson@0.2.9
94 silly currentTree │ ├── debug@0.7.4
94 silly currentTree │ ├── isarray@1.0.0
94 silly currentTree │ ├── mongodb@1.4.7
94 silly currentTree │ ├── mongoose@3.8.15
94 silly currentTree │ ├── mpath@0.1.1
94 silly currentTree │ ├── mpromise@0.4.3
94 silly currentTree │ ├── mquery@0.8.0
94 silly currentTree │ ├── ms@0.1.0
94 silly currentTree │ ├── muri@0.3.1
94 silly currentTree │ ├── readable-stream@2.2.9
94 silly currentTree │ ├── sliced@0.0.5
94 silly currentTree │ └── string_decoder@1.0.0
94 silly currentTree ├─┬ mongoose@4.8.5
94 silly currentTree │ └── ms@0.7.2
94 silly currentTree ├── morgan@1.7.0
94 silly currentTree ├── mpath@0.2.1
94 silly currentTree ├── mpromise@0.5.5
94 silly currentTree ├─┬ mquery@2.2.3
94 silly currentTree │ └── sliced@0.0.5
94 silly currentTree ├── ms@0.7.1
94 silly currentTree ├── multer-s3@2.5.0
94 silly currentTree ├── multer@1.3.0
94 silly currentTree ├── multipipe@0.1.2
94 silly currentTree ├── muri@1.2.1
94 silly currentTree ├── nan@1.0.0
94 silly currentTree ├── natives@1.1.0
94 silly currentTree ├── negotiator@0.5.3
94 silly currentTree ├── nested-error-stacks@1.0.2
94 silly currentTree ├── nocache@2.0.0
94 silly currentTree ├── node-emoji@1.5.1
94 silly currentTree ├─┬ node-notifier@4.6.1
94 silly currentTree │ └── minimist@1.2.0
94 silly currentTree ├── node.extend@1.1.6
94 silly currentTree ├── nodemailer@3.1.4
94 silly currentTree ├─┬ nodemon@1.11.0
94 silly currentTree │ └── minimatch@3.0.3
94 silly currentTree ├── nopt@1.0.10
94 silly currentTree ├── normalize-path@2.0.1
94 silly currentTree ├── number-is-nan@1.0.1
94 silly currentTree ├── numbers@0.4.0
94 silly currentTree ├── oauth-sign@0.8.2
94 silly currentTree ├── object-assign@3.0.0
94 silly currentTree ├── object.omit@2.0.1
94 silly currentTree ├── on-finished@2.3.0
94 silly currentTree ├── on-headers@1.0.1
94 silly currentTree ├── once@1.3.3
94 silly currentTree ├── orchestrator@0.3.8
94 silly currentTree ├── ordered-read-streams@0.1.0
94 silly currentTree ├── os-homedir@1.0.2
94 silly currentTree ├── os-tmpdir@1.0.2
94 silly currentTree ├── osenv@0.1.4
94 silly currentTree ├── package-json@1.2.0
94 silly currentTree ├── parse-filepath@1.0.1
94 silly currentTree ├── parse-glob@3.0.4
94 silly currentTree ├── parse-passwd@1.0.0
94 silly currentTree ├── parseurl@1.3.1
94 silly currentTree ├── path-is-absolute@1.0.1
94 silly currentTree ├── path-parse@1.0.5
94 silly currentTree ├── path-root-regex@0.1.2
94 silly currentTree ├── path-root@0.1.1
94 silly currentTree ├── path-to-regexp@0.1.7
94 silly currentTree ├── pause-stream@0.0.11
94 silly currentTree ├── performance-now@0.2.0
94 silly currentTree ├── pinkie-promise@2.0.1
94 silly currentTree ├── pinkie@2.0.4
94 silly currentTree ├── platform@1.3.3
94 silly currentTree ├── pop-iterate@1.0.1
94 silly currentTree ├── prepend-http@1.0.4
94 silly currentTree ├── preserve@0.2.0
94 silly currentTree ├── pretty-hrtime@1.0.3
94 silly currentTree ├── process-nextick-args@1.0.7
94 silly currentTree ├── promise@7.1.1
94 silly currentTree ├── proxy-addr@1.0.10
94 silly currentTree ├── ps-tree@1.1.0
94 silly currentTree ├── public-address@0.1.2
94 silly currentTree ├── punycode@1.3.2
94 silly currentTree ├── q@2.0.3
94 silly currentTree ├── qs@6.2.0
94 silly currentTree ├── querystring@0.2.0
94 silly currentTree ├── rai@0.1.12
94 silly currentTree ├── random-bytes@1.0.0
94 silly currentTree ├── randomatic@1.1.6
94 silly currentTree ├── randomstring@1.1.5
94 silly currentTree ├── range-parser@1.0.3
94 silly currentTree ├── raw-body@2.1.7
94 silly currentTree ├─┬ rc@1.1.7
94 silly currentTree │ └── minimist@1.2.0
94 silly currentTree ├─┬ read-all-stream@3.1.0
94 silly currentTree │ ├── isarray@1.0.0
94 silly currentTree │ └── readable-stream@2.2.3
94 silly currentTree ├── readable-stream@1.1.14
94 silly currentTree ├─┬ readdirp@2.1.0
94 silly currentTree │ ├── graceful-fs@4.1.11
94 silly currentTree │ ├── isarray@1.0.0
94 silly currentTree │ ├── minimatch@3.0.3
94 silly currentTree │ └── readable-stream@2.2.3
94 silly currentTree ├── rechoir@0.6.2
94 silly currentTree ├── redeyed@1.0.1
94 silly currentTree ├── referrer-policy@1.1.0
94 silly currentTree ├── regex-cache@0.4.3
94 silly currentTree ├── regexp-clone@0.0.1
94 silly currentTree ├── registry-url@3.1.0
94 silly currentTree ├── repeat-element@1.1.2
94 silly currentTree ├── repeat-string@1.6.1
94 silly currentTree ├── repeating@1.1.3
94 silly currentTree ├── replace-ext@0.0.1
94 silly currentTree ├─┬ request@2.81.0
94 silly currentTree │ ├── qs@6.4.0
94 silly currentTree │ └── uuid@3.0.1
94 silly currentTree ├── require_optional@1.0.0
94 silly currentTree ├── resolve-dir@0.1.1
94 silly currentTree ├── resolve-from@2.0.0
94 silly currentTree ├── resolve@1.3.2
94 silly currentTree ├── rootpath@0.1.2
94 silly currentTree ├── run-parallel@1.1.6
94 silly currentTree ├── safe-buffer@5.0.1
94 silly currentTree ├── sax@1.1.5
94 silly currentTree ├── scmp@0.0.3
94 silly currentTree ├── semver-diff@2.1.0
94 silly currentTree ├── semver@5.3.0
94 silly currentTree ├─┬ send@0.13.1
94 silly currentTree │ ├── http-errors@1.3.1
94 silly currentTree │ └── statuses@1.2.1
94 silly currentTree ├── sequencify@0.0.7
94 silly currentTree ├─┬ serve-favicon@2.3.2
94 silly currentTree │ └── ms@0.7.2
94 silly currentTree ├─┬ serve-static@1.10.3
94 silly currentTree │ ├── http-errors@1.3.1
94 silly currentTree │ ├── send@0.13.2
94 silly currentTree │ └── statuses@1.2.1
94 silly currentTree ├── set-immediate-shim@1.0.1
94 silly currentTree ├── setprototypeof@1.0.2
94 silly currentTree ├── shellwords@0.1.0
94 silly currentTree ├── shortid@2.2.6
94 silly currentTree ├── sigmund@1.0.1
94 silly currentTree ├── simplesmtp@0.3.35
94 silly currentTree ├── sliced@1.0.1
94 silly currentTree ├── slide@1.1.6
94 silly currentTree ├── sntp@1.0.9
94 silly currentTree ├── sparkles@1.0.0
94 silly currentTree ├── split@0.3.3
94 silly currentTree ├─┬ sshpk@1.13.1
94 silly currentTree │ └── assert-plus@1.0.0
94 silly currentTree ├─┬ ssl-root-cas@1.2.3
94 silly currentTree │ └── bluebird@3.5.0
94 silly currentTree ├── statuses@1.3.1
94 silly currentTree ├── stream-combiner@0.0.4
94 silly currentTree ├── stream-consume@0.1.0
94 silly currentTree ├── stream-shift@1.0.0
94 silly currentTree ├── streamsearch@0.1.2
94 silly currentTree ├── string_decoder@0.10.31
94 silly currentTree ├── string-length@1.0.1
94 silly currentTree ├── string.prototype.codepointat@0.2.0
94 silly currentTree ├── stringstream@0.0.5
94 silly currentTree ├── strip-ansi@3.0.1
94 silly currentTree ├── strip-bom@1.0.0
94 silly currentTree ├── strip-json-comments@2.0.1
94 silly currentTree ├── supports-color@2.0.0
94 silly currentTree ├── through@2.3.8
94 silly currentTree ├─┬ through2@2.0.3
94 silly currentTree │ ├── isarray@1.0.0
94 silly currentTree │ └── readable-stream@2.2.3
94 silly currentTree ├── tildify@1.2.0
94 silly currentTree ├── time-stamp@1.0.1
94 silly currentTree ├── timed-out@2.0.0
94 silly currentTree ├── tinyurl@1.1.2
94 silly currentTree ├── topo@1.1.0
94 silly currentTree ├── touch@1.0.0
94 silly currentTree ├─┬ tough-cookie@2.3.2
94 silly currentTree │ └── punycode@1.4.1
94 silly currentTree ├── tunnel-agent@0.6.0
94 silly currentTree ├── tweetnacl@0.14.5
94 silly currentTree ├─┬ twilio@3.3.0
94 silly currentTree │ ├── jsonwebtoken@5.4.1
94 silly currentTree │ ├── lodash@4.0.0
94 silly currentTree │ ├── moment@2.14.1
94 silly currentTree │ └── xmlbuilder@8.2.2
94 silly currentTree ├── type-is@1.6.14
94 silly currentTree ├── typechecker@4.4.1
94 silly currentTree ├── typedarray@0.0.6
94 silly currentTree ├── uid-safe@2.1.3
94 silly currentTree ├── unc-path-regex@0.1.2
94 silly currentTree ├── undefsafe@0.0.3
94 silly currentTree ├── underscore@1.8.3
94 silly currentTree ├── uniqid@4.1.1
94 silly currentTree ├── unique-stream@1.0.0
94 silly currentTree ├── unpipe@1.0.0
94 silly currentTree ├── update-notifier@0.5.0
94 silly currentTree ├── url-crypt@1.2.1
94 silly currentTree ├── url@0.10.3
94 silly currentTree ├── urlsafe-base64@1.0.0
94 silly currentTree ├── user-home@1.1.1
94 silly currentTree ├── util-deprecate@1.0.2
94 silly currentTree ├── utils-merge@1.0.0
94 silly currentTree ├── uuid@2.0.3
94 silly currentTree ├── v8flags@2.0.11
94 silly currentTree ├── vary@1.0.1
94 silly currentTree ├── verror@1.3.6
94 silly currentTree ├─┬ vinyl-fs@0.3.14
94 silly currentTree │ ├── clone@0.2.0
94 silly currentTree │ ├── readable-stream@1.0.34
94 silly currentTree │ ├── through2@0.6.5
94 silly currentTree │ └── vinyl@0.4.6
94 silly currentTree ├── vinyl@0.5.3
94 silly currentTree ├── weak-map@1.0.5
94 silly currentTree ├── websocket-driver@0.6.5
94 silly currentTree ├── websocket-extensions@0.1.1
94 silly currentTree ├── which@1.2.12
94 silly currentTree ├── wrappy@1.0.2
94 silly currentTree ├─┬ write-file-atomic@1.3.1
94 silly currentTree │ └── graceful-fs@4.1.11
94 silly currentTree ├── x-xss-protection@1.0.0
94 silly currentTree ├── xdg-basedir@2.0.0
94 silly currentTree ├── xml2js@0.4.15
94 silly currentTree ├─┬ xmlbuilder@2.6.2
94 silly currentTree │ └── lodash@3.5.0
94 silly currentTree ├── xoauth2@0.1.8
94 silly currentTree └── xtend@4.0.1
95 silly idealTree express-skeleton@0.0.0
95 silly idealTree ├── abbrev@1.1.0
95 silly idealTree ├── accepts@1.2.13
95 silly idealTree ├── addressparser@0.3.2
95 silly idealTree ├── ajv@4.11.8
95 silly idealTree ├── angular-ui-bootstrap@2.5.0
95 silly idealTree ├── ansi-regex@2.1.1
95 silly idealTree ├── ansi-styles@2.2.1
95 silly idealTree ├── ansicolors@0.2.1
95 silly idealTree ├── anymatch@1.3.0
95 silly idealTree ├── append-field@0.1.0
95 silly idealTree ├── archy@1.0.0
95 silly idealTree ├── arp-a@0.5.2
95 silly idealTree ├── arr-diff@2.0.0
95 silly idealTree ├── arr-flatten@1.0.1
95 silly idealTree ├── array-differ@1.0.0
95 silly idealTree ├── array-flatten@1.1.1
95 silly idealTree ├── array-uniq@1.0.2
95 silly idealTree ├── array-unique@0.2.1
95 silly idealTree ├── arrify@1.0.1
95 silly idealTree ├── asap@2.0.5
95 silly idealTree ├── asn1@0.2.3
95 silly idealTree ├── assert-plus@0.2.0
95 silly idealTree ├── async-each@1.0.1
95 silly idealTree ├── async@2.1.4
95 silly idealTree ├── asynckit@0.4.0
95 silly idealTree ├── aws-sdk-apis@3.1.10
95 silly idealTree ├─┬ aws-sdk@2.23.0
95 silly idealTree │ └── uuid@3.0.0
95 silly idealTree ├── aws-sign2@0.6.0
95 silly idealTree ├── aws4@1.6.0
95 silly idealTree ├── b64url@1.0.3
95 silly idealTree ├── balanced-match@0.4.2
95 silly idealTree ├── base-x@3.0.2
95 silly idealTree ├── base64-js@1.2.0
95 silly idealTree ├── base64-url@1.3.3
95 silly idealTree ├── base64url@2.0.0
95 silly idealTree ├── basic-auth@1.0.4
95 silly idealTree ├── bcrypt-nodejs@0.0.3
95 silly idealTree ├── bcrypt-pbkdf@1.0.1
95 silly idealTree ├── beeper@1.1.1
95 silly idealTree ├── binary-extensions@1.8.0
95 silly idealTree ├─┬ bl@1.0.0
95 silly idealTree │ ├── isarray@1.0.0
95 silly idealTree │ └── readable-stream@2.0.6
95 silly idealTree ├── bluebird@2.10.2
95 silly idealTree ├── body-parser@1.15.2
95 silly idealTree ├── boom@2.10.1
95 silly idealTree ├── brace-expansion@1.1.6
95 silly idealTree ├── braces@1.8.5
95 silly idealTree ├── bson@1.0.4
95 silly idealTree ├── buffer-equal-constant-time@1.0.1
95 silly idealTree ├── buffer-shims@1.0.0
95 silly idealTree ├─┬ buffer@4.9.1
95 silly idealTree │ └── isarray@1.0.0
95 silly idealTree ├── bulksms@0.0.3
95 silly idealTree ├── busboy@0.2.14
95 silly idealTree ├── bytes@2.4.0
95 silly idealTree ├── camelize@1.0.0
95 silly idealTree ├── cardinal@1.0.0
95 silly idealTree ├── caseless@0.12.0
95 silly idealTree ├── chalk@1.1.3
95 silly idealTree ├── chokidar@1.6.1
95 silly idealTree ├─┬ cli-table@0.3.1
95 silly idealTree │ └── colors@1.0.3
95 silly idealTree ├── cli-usage@0.1.4
95 silly idealTree ├── clone-stats@0.0.1
95 silly idealTree ├── clone@1.0.2
95 silly idealTree ├── co@4.6.0
95 silly idealTree ├── colors@1.1.2
95 silly idealTree ├── combined-stream@1.0.5
95 silly idealTree ├── commander@2.0.0
95 silly idealTree ├── concat-map@0.0.1
95 silly idealTree ├─┬ concat-stream@1.6.0
95 silly idealTree │ ├── isarray@1.0.0
95 silly idealTree │ └── readable-stream@2.2.3
95 silly idealTree ├─┬ configstore@1.4.0
95 silly idealTree │ ├── graceful-fs@4.1.11
95 silly idealTree │ └── object-assign@4.1.1
95 silly idealTree ├─┬ connect@3.6.0
95 silly idealTree │ ├── debug@2.6.1
95 silly idealTree │ ├── finalhandler@1.0.0
95 silly idealTree │ └── ms@0.7.2
95 silly idealTree ├── content-disposition@0.5.1
95 silly idealTree ├── content-security-policy-builder@1.1.0
95 silly idealTree ├── content-type@1.0.2
95 silly idealTree ├── cookie-parser@1.4.3
95 silly idealTree ├── cookie-signature@1.0.6
95 silly idealTree ├── cookie@0.3.1
95 silly idealTree ├── core-util-is@1.0.2
95 silly idealTree ├── crc@3.4.4
95 silly idealTree ├── cryptiles@2.0.5
95 silly idealTree ├── cryptlib@1.0.3
95 silly idealTree ├── crypto-browserify@1.0.9
95 silly idealTree ├── crypto-js@3.1.9-1
95 silly idealTree ├── crypto@0.0.3
95 silly idealTree ├── cryptr@2.0.0
95 silly idealTree ├─┬ dashdash@1.14.1
95 silly idealTree │ └── assert-plus@1.0.0
95 silly idealTree ├── dasherize@2.0.0
95 silly idealTree ├── dashify@0.2.2
95 silly idealTree ├─┬ datatables-query@0.2.0
95 silly idealTree │ └── async@1.5.2
95 silly idealTree ├── dateformat@2.0.0
95 silly idealTree ├── debug@2.2.0
95 silly idealTree ├── deep-extend@0.4.1
95 silly idealTree ├── defaults@1.0.3
95 silly idealTree ├── delayed-stream@1.0.0
95 silly idealTree ├── depd@1.1.0
95 silly idealTree ├── deprecate@1.0.0
95 silly idealTree ├── deprecated@0.0.1
95 silly idealTree ├── destroy@1.0.4
95 silly idealTree ├── detect-file@0.1.0
95 silly idealTree ├── dicer@0.2.5
95 silly idealTree ├── directmail@0.1.8
95 silly idealTree ├─┬ dkim-signer@0.1.2
95 silly idealTree │ └── punycode@1.2.4
95 silly idealTree ├── dns-prefetch-control@0.1.0
95 silly idealTree ├── dont-sniff-mimetype@1.0.0
95 silly idealTree ├── duplexer@0.1.1
95 silly idealTree ├── duplexer2@0.0.2
95 silly idealTree ├─┬ duplexify@3.5.0
95 silly idealTree │ ├── end-of-stream@1.0.0
95 silly idealTree │ ├── isarray@1.0.0
95 silly idealTree │ └── readable-stream@2.2.3
95 silly idealTree ├── eachr@3.2.0
95 silly idealTree ├── ecc-jsbn@0.1.1
95 silly idealTree ├── ecdsa-sig-formatter@1.0.9
95 silly idealTree ├── editions@1.3.3
95 silly idealTree ├── ee-first@1.1.1
95 silly idealTree ├── ejs@2.4.2
95 silly idealTree ├── encodeurl@1.0.1
95 silly idealTree ├── encoding@0.1.12
95 silly idealTree ├── end-of-stream@0.1.5
95 silly idealTree ├── es6-promise@3.2.1
95 silly idealTree ├── escape-html@1.0.3
95 silly idealTree ├── escape-string-regexp@1.0.5
95 silly idealTree ├── esprima@3.0.0
95 silly idealTree ├── etag@1.7.0
95 silly idealTree ├── event-stream@3.3.4
95 silly idealTree ├── expand-brackets@0.1.5
95 silly idealTree ├── expand-range@1.8.2
95 silly idealTree ├── expand-tilde@1.2.2
95 silly idealTree ├─┬ express-jwt@5.1.0
95 silly idealTree │ ├── async@1.5.2
95 silly idealTree │ └── jsonwebtoken@6.2.0
95 silly idealTree ├─┬ express-mailer@0.3.1
95 silly idealTree │ ├── aws-sdk@2.0.5
95 silly idealTree │ ├── nodemailer@0.7.1
95 silly idealTree │ ├── sax@0.4.2
95 silly idealTree │ ├── xml2js@0.2.6
95 silly idealTree │ └── xmlbuilder@0.4.2
95 silly idealTree ├─┬ express-session@1.15.1
95 silly idealTree │ ├── debug@2.6.1
95 silly idealTree │ └── ms@0.7.2
95 silly idealTree ├── express-unless@0.3.0
95 silly idealTree ├─┬ express@4.13.4
95 silly idealTree │ ├── cookie@0.1.5
95 silly idealTree │ └── qs@4.0.0
95 silly idealTree ├── extend@3.0.0
95 silly idealTree ├── extglob@0.3.2
95 silly idealTree ├── extract-opts@3.3.1
95 silly idealTree ├── extsprintf@1.0.2
95 silly idealTree ├── Faker@0.5.12
95 silly idealTree ├── fancy-log@1.3.0
95 silly idealTree ├── faye-websocket@0.7.3
95 silly idealTree ├── file-type@3.9.0
95 silly idealTree ├── filename-regex@2.0.0
95 silly idealTree ├── fill-range@2.2.3
95 silly idealTree ├── finalhandler@0.4.1
95 silly idealTree ├── find-index@0.1.1
95 silly idealTree ├── findup-sync@0.4.3
95 silly idealTree ├── fined@1.0.2
95 silly idealTree ├── first-chunk-stream@1.0.0
95 silly idealTree ├── flagged-respawn@0.3.2
95 silly idealTree ├── follow-redirects@0.0.3
95 silly idealTree ├── for-in@1.0.2
95 silly idealTree ├── for-own@0.1.5
95 silly idealTree ├── forever-agent@0.6.1
95 silly idealTree ├── form-data@2.1.4
95 silly idealTree ├── forwarded@0.1.0
95 silly idealTree ├── frameguard@3.0.0
95 silly idealTree ├── free-mobile-sms-api@1.0.4
95 silly idealTree ├── fresh@0.3.0
95 silly idealTree ├── from@0.1.3
95 silly idealTree ├── fs-exists-sync@0.1.0
95 silly idealTree ├── gaze@0.5.2
95 silly idealTree ├── generate-password@1.3.0
95 silly idealTree ├─┬ genie@0.1.8
95 silly idealTree │ ├── moment@2.0.0
95 silly idealTree │ └── underscore@1.4.4
95 silly idealTree ├── getmac@1.2.1
95 silly idealTree ├─┬ getpass@0.1.7
95 silly idealTree │ └── assert-plus@1.0.0
95 silly idealTree ├── glob-base@0.3.0
95 silly idealTree ├── glob-parent@2.0.0
95 silly idealTree ├─┬ glob-stream@3.1.18
95 silly idealTree │ ├── readable-stream@1.0.34
95 silly idealTree │ └── through2@0.6.5
95 silly idealTree ├── glob-watcher@0.0.6
95 silly idealTree ├── glob@4.5.3
95 silly idealTree ├── glob2base@0.0.12
95 silly idealTree ├── global-modules@0.2.3
95 silly idealTree ├── global-prefix@0.1.5
95 silly idealTree ├─┬ globule@0.1.0
95 silly idealTree │ ├── glob@3.1.21
95 silly idealTree │ ├── graceful-fs@1.2.3
95 silly idealTree │ ├── inherits@1.0.2
95 silly idealTree │ ├── lodash@1.0.2
95 silly idealTree │ └── minimatch@0.2.14
95 silly idealTree ├── glogg@1.0.0
95 silly idealTree ├── got@3.3.1
95 silly idealTree ├── graceful-fs@3.0.11
95 silly idealTree ├── growly@1.3.0
95 silly idealTree ├─┬ gulp-livereload@3.8.1
95 silly idealTree │ ├── ansi-regex@0.2.1
95 silly idealTree │ ├── ansi-styles@1.1.0
95 silly idealTree │ ├── chalk@0.5.1
95 silly idealTree │ ├── has-ansi@0.1.0
95 silly idealTree │ ├── strip-ansi@0.3.0
95 silly idealTree │ └── supports-color@0.2.0
95 silly idealTree ├── gulp-nodemon@2.2.1
95 silly idealTree ├─┬ gulp-notify@2.2.0
95 silly idealTree │ ├── readable-stream@1.0.34
95 silly idealTree │ └── through2@0.6.5
95 silly idealTree ├─┬ gulp-util@3.0.8
95 silly idealTree │ └── minimist@1.2.0
95 silly idealTree ├─┬ gulp@3.9.1
95 silly idealTree │ ├── minimist@1.2.0
95 silly idealTree │ └── semver@4.3.6
95 silly idealTree ├── gulplog@1.0.0
95 silly idealTree ├── har-schema@1.0.5
95 silly idealTree ├── har-validator@4.2.1
95 silly idealTree ├── has-ansi@2.0.0
95 silly idealTree ├── has-gulplog@0.1.0
95 silly idealTree ├── hawk@3.1.3
95 silly idealTree ├── he@0.3.6
95 silly idealTree ├── helmet-csp@2.3.0
95 silly idealTree ├── helmet@3.4.1
95 silly idealTree ├── hide-powered-by@1.0.0
95 silly idealTree ├── hoek@2.16.3
95 silly idealTree ├── homedir-polyfill@1.0.1
95 silly idealTree ├── hooks-fixed@1.2.0
95 silly idealTree ├── hooks@0.2.1
95 silly idealTree ├── hpkp@2.0.0
95 silly idealTree ├── hsts@2.0.0
95 silly idealTree ├── http-errors@1.5.1
95 silly idealTree ├── http-signature@1.1.1
95 silly idealTree ├── iconv-lite@0.4.13
95 silly idealTree ├── ieee754@1.1.8
95 silly idealTree ├── ienoopen@1.0.0
95 silly idealTree ├── ignore-by-default@1.0.1
95 silly idealTree ├── imurmurhash@0.1.4
95 silly idealTree ├── infinity-agent@2.0.3
95 silly idealTree ├── inflight@1.0.6
95 silly idealTree ├── inherits@2.0.3
95 silly idealTree ├── ini@1.3.4
95 silly idealTree ├── interpret@1.0.1
95 silly idealTree ├─┬ invoice-generator@0.3.0
95 silly idealTree │ ├── async@0.2.10
95 silly idealTree │ ├── moment@2.0.0
95 silly idealTree │ └── underscore@1.4.4
95 silly idealTree ├── ipaddr.js@1.0.5
95 silly idealTree ├── is-absolute@0.2.6
95 silly idealTree ├── is-binary-path@1.0.1
95 silly idealTree ├── is-buffer@1.1.4
95 silly idealTree ├── is-dotfile@1.0.2
95 silly idealTree ├── is-equal-shallow@0.1.3
95 silly idealTree ├── is-extendable@0.1.1
95 silly idealTree ├── is-extglob@1.0.0
95 silly idealTree ├── is-finite@1.0.2
95 silly idealTree ├── is-glob@2.0.1
95 silly idealTree ├── is-npm@1.0.0
95 silly idealTree ├── is-number@2.1.0
95 silly idealTree ├── is-posix-bracket@0.1.1
95 silly idealTree ├── is-primitive@2.0.0
95 silly idealTree ├── is-redirect@1.0.0
95 silly idealTree ├── is-relative@0.2.1
95 silly idealTree ├── is-stream@1.1.0
95 silly idealTree ├── is-typedarray@1.0.0
95 silly idealTree ├── is-unc-path@0.1.2
95 silly idealTree ├── is-utf8@0.2.1
95 silly idealTree ├── is-windows@0.2.0
95 silly idealTree ├── is@3.2.1
95 silly idealTree ├── isarray@0.0.1
95 silly idealTree ├── isemail@1.2.0
95 silly idealTree ├── isexe@1.1.2
95 silly idealTree ├── iso8601@1.1.1
95 silly idealTree ├─┬ isobject@2.1.0
95 silly idealTree │ └── isarray@1.0.0
95 silly idealTree ├── isodate@0.1.4
95 silly idealTree ├── isstream@0.1.2
95 silly idealTree ├── jmespath@0.15.0
95 silly idealTree ├── joi@6.10.1
95 silly idealTree ├── jsbn@0.1.1
95 silly idealTree ├── json-schema@0.2.3
95 silly idealTree ├── json-stable-stringify@1.0.1
95 silly idealTree ├── json-stringify-safe@5.0.1
95 silly idealTree ├── jsonify@0.0.0
95 silly idealTree ├─┬ jsonwebtoken@7.4.1
95 silly idealTree │ └── ms@2.0.0
95 silly idealTree ├─┬ jsprim@1.4.0
95 silly idealTree │ └── assert-plus@1.0.0
95 silly idealTree ├── jwa@1.1.5
95 silly idealTree ├── jws@3.1.4
95 silly idealTree ├── kareem@1.2.1
95 silly idealTree ├── kerberos@0.0.3
95 silly idealTree ├── kind-of@3.1.0
95 silly idealTree ├── latest-version@1.0.1
95 silly idealTree ├── liftoff@2.3.0
95 silly idealTree ├── livereload-js@2.2.2
95 silly idealTree ├── lodash._arraycopy@3.0.0
95 silly idealTree ├── lodash._arrayeach@3.0.0
95 silly idealTree ├── lodash._baseassign@3.2.0
95 silly idealTree ├── lodash._baseclone@3.3.0
95 silly idealTree ├── lodash._basecopy@3.0.1
95 silly idealTree ├── lodash._basefor@3.0.3
95 silly idealTree ├── lodash._basetostring@3.0.1
95 silly idealTree ├── lodash._basevalues@3.0.0
95 silly idealTree ├── lodash._bindcallback@3.0.1
95 silly idealTree ├── lodash._createassigner@3.1.1
95 silly idealTree ├── lodash._getnative@3.9.1
95 silly idealTree ├── lodash._isiterateecall@3.0.9
95 silly idealTree ├── lodash._reescape@3.0.0
95 silly idealTree ├── lodash._reevaluate@3.0.0
95 silly idealTree ├── lodash._reinterpolate@3.0.0
95 silly idealTree ├── lodash._root@3.0.1
95 silly idealTree ├── lodash.assign@3.2.0
95 silly idealTree ├── lodash.assignwith@4.2.0
95 silly idealTree ├── lodash.clonedeep@3.0.2
95 silly idealTree ├── lodash.defaults@3.1.2
95 silly idealTree ├── lodash.escape@3.2.0
95 silly idealTree ├── lodash.isarguments@3.1.0
95 silly idealTree ├── lodash.isarray@3.0.4
95 silly idealTree ├── lodash.isempty@4.4.0
95 silly idealTree ├── lodash.isplainobject@4.0.6
95 silly idealTree ├── lodash.isstring@4.0.1
95 silly idealTree ├── lodash.keys@3.1.2
95 silly idealTree ├── lodash.mapvalues@4.6.0
95 silly idealTree ├── lodash.once@4.1.1
95 silly idealTree ├── lodash.pick@4.4.0
95 silly idealTree ├── lodash.reduce@4.6.0
95 silly idealTree ├── lodash.restparam@3.6.1
95 silly idealTree ├── lodash.set@4.3.2
95 silly idealTree ├── lodash.template@3.6.2
95 silly idealTree ├── lodash.templatesettings@3.1.1
95 silly idealTree ├── lodash@4.17.4
95 silly idealTree ├── lowercase-keys@1.0.0
95 silly idealTree ├── lru-cache@2.7.3
95 silly idealTree ├── macaddress@0.2.8
95 silly idealTree ├─┬ mailcomposer@0.2.12
95 silly idealTree │ └── mime@1.2.11
95 silly idealTree ├── map-cache@0.2.2
95 silly idealTree ├── map-stream@0.1.0
95 silly idealTree ├─┬ marked-terminal@1.7.0
95 silly idealTree │ └── lodash.assign@4.2.0
95 silly idealTree ├── marked@0.3.6
95 silly idealTree ├── media-typer@0.3.0
95 silly idealTree ├── merge-descriptors@1.0.1
95 silly idealTree ├── methods@1.1.2
95 silly idealTree ├── micromatch@2.3.11
95 silly idealTree ├── mime-db@1.26.0
95 silly idealTree ├── mime-types@2.1.14
95 silly idealTree ├── mime@1.3.4
95 silly idealTree ├── mimelib@0.2.19
95 silly idealTree ├─┬ mini-lr@0.1.9
95 silly idealTree │ ├─┬ body-parser@1.14.2
95 silly idealTree │ │ └── qs@5.2.0
95 silly idealTree │ ├── bytes@2.2.0
95 silly idealTree │ ├── http-errors@1.3.1
95 silly idealTree │ └── qs@2.2.5
95 silly idealTree ├── minimatch@2.0.10
95 silly idealTree ├── minimist@0.0.8
95 silly idealTree ├── mkdirp@0.5.1
95 silly idealTree ├── moment@2.17.1
95 silly idealTree ├── mongodb-core@2.1.8
95 silly idealTree ├─┬ mongodb@2.2.24
95 silly idealTree │ ├── isarray@1.0.0
95 silly idealTree │ └── readable-stream@2.1.5
95 silly idealTree ├─┬ mongoose-regex@0.0.2
95 silly idealTree │ ├── bson@0.2.9
95 silly idealTree │ ├── debug@0.7.4
95 silly idealTree │ ├── isarray@1.0.0
95 silly idealTree │ ├── mongodb@1.4.7
95 silly idealTree │ ├── mongoose@3.8.15
95 silly idealTree │ ├── mpath@0.1.1
95 silly idealTree │ ├── mpromise@0.4.3
95 silly idealTree │ ├── mquery@0.8.0
95 silly idealTree │ ├── ms@0.1.0
95 silly idealTree │ ├── muri@0.3.1
95 silly idealTree │ ├── readable-stream@2.2.9
95 silly idealTree │ ├── sliced@0.0.5
95 silly idealTree │ └── string_decoder@1.0.0
95 silly idealTree ├─┬ mongoose@4.8.5
95 silly idealTree │ └── ms@0.7.2
95 silly idealTree ├── morgan@1.7.0
95 silly idealTree ├── mpath@0.2.1
95 silly idealTree ├── mpromise@0.5.5
95 silly idealTree ├─┬ mquery@2.2.3
95 silly idealTree │ └── sliced@0.0.5
95 silly idealTree ├── ms@0.7.1
95 silly idealTree ├── multer-s3@2.5.0
95 silly idealTree ├── multer@1.3.0
95 silly idealTree ├── multipipe@0.1.2
95 silly idealTree ├── muri@1.2.1
95 silly idealTree ├── nan@1.0.0
95 silly idealTree ├── natives@1.1.0
95 silly idealTree ├── negotiator@0.5.3
95 silly idealTree ├── nested-error-stacks@1.0.2
95 silly idealTree ├── nocache@2.0.0
95 silly idealTree ├── node-emoji@1.5.1
95 silly idealTree ├─┬ node-notifier@4.6.1
95 silly idealTree │ └── minimist@1.2.0
95 silly idealTree ├── node.extend@1.1.6
95 silly idealTree ├── nodemailer@3.1.4
95 silly idealTree ├─┬ nodemon@1.11.0
95 silly idealTree │ └── minimatch@3.0.3
95 silly idealTree ├── nopt@1.0.10
95 silly idealTree ├── normalize-path@2.0.1
95 silly idealTree ├── number-is-nan@1.0.1
95 silly idealTree ├── numbers@0.4.0
95 silly idealTree ├── oauth-sign@0.8.2
95 silly idealTree ├── object-assign@3.0.0
95 silly idealTree ├── object.omit@2.0.1
95 silly idealTree ├── on-finished@2.3.0
95 silly idealTree ├── on-headers@1.0.1
95 silly idealTree ├── once@1.3.3
95 silly idealTree ├── orchestrator@0.3.8
95 silly idealTree ├── ordered-read-streams@0.1.0
95 silly idealTree ├── os-homedir@1.0.2
95 silly idealTree ├── os-tmpdir@1.0.2
95 silly idealTree ├── osenv@0.1.4
95 silly idealTree ├── package-json@1.2.0
95 silly idealTree ├── parse-filepath@1.0.1
95 silly idealTree ├── parse-glob@3.0.4
95 silly idealTree ├── parse-passwd@1.0.0
95 silly idealTree ├── parseurl@1.3.1
95 silly idealTree ├── path-is-absolute@1.0.1
95 silly idealTree ├── path-parse@1.0.5
95 silly idealTree ├── path-root-regex@0.1.2
95 silly idealTree ├── path-root@0.1.1
95 silly idealTree ├── path-to-regexp@0.1.7
95 silly idealTree ├── pause-stream@0.0.11
95 silly idealTree ├── performance-now@0.2.0
95 silly idealTree ├── pinkie-promise@2.0.1
95 silly idealTree ├── pinkie@2.0.4
95 silly idealTree ├── platform@1.3.3
95 silly idealTree ├── pop-iterate@1.0.1
95 silly idealTree ├── prepend-http@1.0.4
95 silly idealTree ├── preserve@0.2.0
95 silly idealTree ├── pretty-hrtime@1.0.3
95 silly idealTree ├── process-nextick-args@1.0.7
95 silly idealTree ├── promise@7.1.1
95 silly idealTree ├── proxy-addr@1.0.10
95 silly idealTree ├── ps-tree@1.1.0
95 silly idealTree ├── public-address@0.1.2
95 silly idealTree ├── punycode@1.3.2
95 silly idealTree ├── q@2.0.3
95 silly idealTree ├── qs@6.2.0
95 silly idealTree ├── querystring@0.2.0
95 silly idealTree ├── rai@0.1.12
95 silly idealTree ├── random-bytes@1.0.0
95 silly idealTree ├── randomatic@1.1.6
95 silly idealTree ├── randomstring@1.1.5
95 silly idealTree ├── range-parser@1.0.3
95 silly idealTree ├── raw-body@2.1.7
95 silly idealTree ├─┬ rc@1.1.7
95 silly idealTree │ └── minimist@1.2.0
95 silly idealTree ├─┬ read-all-stream@3.1.0
95 silly idealTree │ ├── isarray@1.0.0
95 silly idealTree │ └── readable-stream@2.2.3
95 silly idealTree ├── readable-stream@1.1.14
95 silly idealTree ├─┬ readdirp@2.1.0
95 silly idealTree │ ├── graceful-fs@4.1.11
95 silly idealTree │ ├── isarray@1.0.0
95 silly idealTree │ ├── minimatch@3.0.3
95 silly idealTree │ └── readable-stream@2.2.3
95 silly idealTree ├── rechoir@0.6.2
95 silly idealTree ├── redeyed@1.0.1
95 silly idealTree ├── referrer-policy@1.1.0
95 silly idealTree ├── regex-cache@0.4.3
95 silly idealTree ├── regexp-clone@0.0.1
95 silly idealTree ├── registry-url@3.1.0
95 silly idealTree ├── repeat-element@1.1.2
95 silly idealTree ├── repeat-string@1.6.1
95 silly idealTree ├── repeating@1.1.3
95 silly idealTree ├── replace-ext@0.0.1
95 silly idealTree ├─┬ request@2.81.0
95 silly idealTree │ ├── qs@6.4.0
95 silly idealTree │ └── uuid@3.0.1
95 silly idealTree ├── require_optional@1.0.0
95 silly idealTree ├── resolve-dir@0.1.1
95 silly idealTree ├── resolve-from@2.0.0
95 silly idealTree ├── resolve@1.3.2
95 silly idealTree ├── rootpath@0.1.2
95 silly idealTree ├── run-parallel@1.1.6
95 silly idealTree ├── safe-buffer@5.0.1
95 silly idealTree ├── sax@1.1.5
95 silly idealTree ├── scmp@0.0.3
95 silly idealTree ├── semver-diff@2.1.0
95 silly idealTree ├── semver@5.3.0
95 silly idealTree ├─┬ send@0.13.1
95 silly idealTree │ ├── http-errors@1.3.1
95 silly idealTree │ └── statuses@1.2.1
95 silly idealTree ├── sequencify@0.0.7
95 silly idealTree ├─┬ serve-favicon@2.3.2
95 silly idealTree │ └── ms@0.7.2
95 silly idealTree ├─┬ serve-static@1.10.3
95 silly idealTree │ ├── http-errors@1.3.1
95 silly idealTree │ ├── send@0.13.2
95 silly idealTree │ └── statuses@1.2.1
95 silly idealTree ├── set-immediate-shim@1.0.1
95 silly idealTree ├── setprototypeof@1.0.2
95 silly idealTree ├── shellwords@0.1.0
95 silly idealTree ├── shortid@2.2.6
95 silly idealTree ├── sigmund@1.0.1
95 silly idealTree ├── simplesmtp@0.3.35
95 silly idealTree ├── sliced@1.0.1
95 silly idealTree ├── slide@1.1.6
95 silly idealTree ├── sntp@1.0.9
95 silly idealTree ├── sparkles@1.0.0
95 silly idealTree ├── split@0.3.3
95 silly idealTree ├─┬ sshpk@1.13.1
95 silly idealTree │ └── assert-plus@1.0.0
95 silly idealTree ├─┬ ssl-root-cas@1.2.3
95 silly idealTree │ └── bluebird@3.5.0
95 silly idealTree ├── statuses@1.3.1
95 silly idealTree ├── stream-combiner@0.0.4
95 silly idealTree ├── stream-consume@0.1.0
95 silly idealTree ├── stream-shift@1.0.0
95 silly idealTree ├── streamsearch@0.1.2
95 silly idealTree ├── string_decoder@0.10.31
95 silly idealTree ├── string-length@1.0.1
95 silly idealTree ├── string.prototype.codepointat@0.2.0
95 silly idealTree ├── stringstream@0.0.5
95 silly idealTree ├── strip-ansi@3.0.1
95 silly idealTree ├── strip-bom@1.0.0
95 silly idealTree ├── strip-json-comments@2.0.1
95 silly idealTree ├── supports-color@2.0.0
95 silly idealTree ├── through@2.3.8
95 silly idealTree ├─┬ through2@2.0.3
95 silly idealTree │ ├── isarray@1.0.0
95 silly idealTree │ └── readable-stream@2.2.3
95 silly idealTree ├── tildify@1.2.0
95 silly idealTree ├── time-stamp@1.0.1
95 silly idealTree ├── timed-out@2.0.0
95 silly idealTree ├── tinyurl@1.1.2
95 silly idealTree ├── topo@1.1.0
95 silly idealTree ├── touch@1.0.0
95 silly idealTree ├─┬ tough-cookie@2.3.2
95 silly idealTree │ └── punycode@1.4.1
95 silly idealTree ├── tunnel-agent@0.6.0
95 silly idealTree ├── tweetnacl@0.14.5
95 silly idealTree ├─┬ twilio@3.3.0
95 silly idealTree │ ├── jsonwebtoken@5.4.1
95 silly idealTree │ ├── lodash@4.0.0
95 silly idealTree │ ├── moment@2.14.1
95 silly idealTree │ └── xmlbuilder@8.2.2
95 silly idealTree ├── type-is@1.6.14
95 silly idealTree ├── typechecker@4.4.1
95 silly idealTree ├── typedarray@0.0.6
95 silly idealTree ├── uid-safe@2.1.3
95 silly idealTree ├── unc-path-regex@0.1.2
95 silly idealTree ├── undefsafe@0.0.3
95 silly idealTree ├── underscore@1.8.3
95 silly idealTree ├── uniqid@4.1.1
95 silly idealTree ├── unique-stream@1.0.0
95 silly idealTree ├── unpipe@1.0.0
95 silly idealTree ├── update-notifier@0.5.0
95 silly idealTree ├── url-crypt@1.2.1
95 silly idealTree ├── url@0.10.3
95 silly idealTree ├── urlsafe-base64@1.0.0
95 silly idealTree ├── user-home@1.1.1
95 silly idealTree ├── util-deprecate@1.0.2
95 silly idealTree ├── utils-merge@1.0.0
95 silly idealTree ├── uuid@2.0.3
95 silly idealTree ├── v8flags@2.0.11
95 silly idealTree ├── vary@1.0.1
95 silly idealTree ├── verror@1.3.6
95 silly idealTree ├─┬ vinyl-fs@0.3.14
95 silly idealTree │ ├── clone@0.2.0
95 silly idealTree │ ├── readable-stream@1.0.34
95 silly idealTree │ ├── through2@0.6.5
95 silly idealTree │ └── vinyl@0.4.6
95 silly idealTree ├── vinyl@0.5.3
95 silly idealTree ├── weak-map@1.0.5
95 silly idealTree ├── websocket-driver@0.6.5
95 silly idealTree ├── websocket-extensions@0.1.1
95 silly idealTree ├── which@1.2.12
95 silly idealTree ├── wrappy@1.0.2
95 silly idealTree ├─┬ write-file-atomic@1.3.1
95 silly idealTree │ └── graceful-fs@4.1.11
95 silly idealTree ├── x-xss-protection@1.0.0
95 silly idealTree ├── xdg-basedir@2.0.0
95 silly idealTree ├── xml2js@0.4.15
95 silly idealTree ├─┬ xmlbuilder@2.6.2
95 silly idealTree │ └── lodash@3.5.0
95 silly idealTree ├── xoauth2@0.1.8
95 silly idealTree └── xtend@4.0.1
96 silly generateActionsToTake Starting
97 silly install generateActionsToTake
98 silly generateActionsToTake Finishing
99 silly diffTrees action count 1
100 silly diffTrees add arp-a@0.5.2
101 silly decomposeActions action count 8
102 silly decomposeActions fetch arp-a@0.5.2
103 silly decomposeActions extract arp-a@0.5.2
104 silly decomposeActions test arp-a@0.5.2
105 silly decomposeActions preinstall arp-a@0.5.2
106 silly decomposeActions build arp-a@0.5.2
107 silly decomposeActions install arp-a@0.5.2
108 silly decomposeActions postinstall arp-a@0.5.2
109 silly decomposeActions finalize arp-a@0.5.2
110 silly runTopLevelLifecycles Starting
111 silly executeActions Starting
112 silly install executeActions
113 silly doSerial global-install 0
114 silly doParallel fetch 1
115 verbose correctMkdir /home/ubuntu/.npm/_locks correctMkdir not in flight; initializing
116 verbose lock using /home/ubuntu/.npm/_locks/staging-bc73894d79e67210.lock for /home/ubuntu/MTapp/node_modules/.staging
117 silly doParallel extract 1
118 silly extract arp-a@0.5.2
119 verbose unbuild node_modules/.staging/arp-a-1acb615d
120 silly gentlyRm /home/ubuntu/MTapp/node_modules/.staging/arp-a-1acb615d is being purged from base /home/ubuntu/MTapp
121 verbose gentlyRm don't care about contents; nuking /home/ubuntu/MTapp/node_modules/.staging/arp-a-1acb615d
122 verbose tar unpack /home/ubuntu/.npm/arp-a/0.5.2/package.tgz
123 verbose tar unpacking to /home/ubuntu/MTapp/node_modules/.staging/arp-a-1acb615d
124 silly gentlyRm /home/ubuntu/MTapp/node_modules/.staging/arp-a-1acb615d is being purged
125 verbose gentlyRm don't care about contents; nuking /home/ubuntu/MTapp/node_modules/.staging/arp-a-1acb615d
126 silly gunzTarPerm modes [ '775', '664' ]
127 silly gunzTarPerm extractEntry package.json
128 silly gunzTarPerm modified mode [ 'package.json', 420, 436 ]
129 silly gunzTarPerm extractEntry .npmignore
130 silly gunzTarPerm modified mode [ '.npmignore', 420, 436 ]
131 silly gunzTarPerm extractEntry README.md
132 silly gunzTarPerm modified mode [ 'README.md', 420, 436 ]
133 silly gunzTarPerm extractEntry index.js
134 silly gunzTarPerm modified mode [ 'index.js', 420, 436 ]
135 silly gunzTarPerm extractEntry test.js
136 silly gunzTarPerm modified mode [ 'test.js', 420, 436 ]
137 silly gunzTarPerm extractEntry binding.gyp
138 silly gunzTarPerm modified mode [ 'binding.gyp', 420, 436 ]
139 silly gunzTarPerm extractEntry src/macos.cpp
140 silly gunzTarPerm modified mode [ 'src/macos.cpp', 420, 436 ]
141 silly gentlyRm /home/ubuntu/MTapp/node_modules/.staging/arp-a-1acb615d/node_modules is being purged
142 verbose gentlyRm don't care about contents; nuking /home/ubuntu/MTapp/node_modules/.staging/arp-a-1acb615d/node_modules
143 silly doParallel preinstall 1
144 silly preinstall arp-a@0.5.2 /home/ubuntu/MTapp/node_modules/.staging/arp-a-1acb615d
145 info lifecycle arp-a@0.5.2~preinstall: arp-a@0.5.2
146 silly lifecycle arp-a@0.5.2~preinstall: no script for preinstall, continuing
147 silly doReverseSerial remove 0
148 silly doSerial move 0
149 silly doSerial finalize 1
150 silly finalize /home/ubuntu/MTapp/node_modules/arp-a
151 silly doSerial build 1
152 silly build arp-a@0.5.2
153 info linkStuff arp-a@0.5.2
154 silly linkStuff arp-a@0.5.2 has /home/ubuntu/MTapp/node_modules as its parent node_modules
155 verbose linkBins arp-a@0.5.2
156 verbose linkMans arp-a@0.5.2
157 silly doSerial global-link 0
158 silly doParallel update-linked 0
159 silly doSerial install 1
160 silly install arp-a@0.5.2 /home/ubuntu/MTapp/node_modules/.staging/arp-a-1acb615d
161 info lifecycle arp-a@0.5.2~install: arp-a@0.5.2
162 verbose lifecycle arp-a@0.5.2~install: unsafe-perm in lifecycle true
163 verbose lifecycle arp-a@0.5.2~install: PATH: /usr/lib/node_modules/npm/bin/node-gyp-bin:/home/ubuntu/MTapp/node_modules/arp-a/node_modules/.bin:/home/ubuntu/MTapp/node_modules/.bin:/home/ubuntu/bin:/home/ubuntu/.local/bin:/usr/local/sbin:/usr/local/bin:/usr/sbin:/usr/bin:/sbin:/bin:/usr/games:/usr/local/games:/snap/bin
164 verbose lifecycle arp-a@0.5.2~install: CWD: /home/ubuntu/MTapp/node_modules/arp-a
165 silly lifecycle arp-a@0.5.2~install: Args: [ '-c', 'node-gyp rebuild' ]
166 silly lifecycle arp-a@0.5.2~install: Returned: code: 1  signal: null
167 info lifecycle arp-a@0.5.2~install: Failed to exec install script
168 verbose unlock done using /home/ubuntu/.npm/_locks/staging-bc73894d79e67210.lock for /home/ubuntu/MTapp/node_modules/.staging
169 silly rollbackFailedOptional Starting
170 silly rollbackFailedOptional Finishing
171 silly runTopLevelLifecycles Finishing
172 silly install printInstalled
173 warn optional SKIPPING OPTIONAL DEPENDENCY: fsevents@^1.0.0 (node_modules/chokidar/node_modules/fsevents):
174 warn notsup SKIPPING OPTIONAL DEPENDENCY: Unsupported platform for fsevents@1.1.2: wanted {"os":"darwin","arch":"any"} (current: {"os":"linux","arch":"x64"})
175 verbose notsup SKIPPING OPTIONAL DEPENDENCY: Valid OS:    darwin
175 verbose notsup SKIPPING OPTIONAL DEPENDENCY: Valid Arch:  any
175 verbose notsup SKIPPING OPTIONAL DEPENDENCY: Actual OS:   linux
175 verbose notsup SKIPPING OPTIONAL DEPENDENCY: Actual Arch: x64
176 verbose stack Error: arp-a@0.5.2 install: `node-gyp rebuild`
176 verbose stack Exit status 1
176 verbose stack     at EventEmitter.<anonymous> (/usr/lib/node_modules/npm/lib/utils/lifecycle.js:255:16)
176 verbose stack     at emitTwo (events.js:106:13)
176 verbose stack     at EventEmitter.emit (events.js:191:7)
176 verbose stack     at ChildProcess.<anonymous> (/usr/lib/node_modules/npm/lib/utils/spawn.js:40:14)
176 verbose stack     at emitTwo (events.js:106:13)
176 verbose stack     at ChildProcess.emit (events.js:191:7)
176 verbose stack     at maybeClose (internal/child_process.js:891:16)
176 verbose stack     at Process.ChildProcess._handle.onexit (internal/child_process.js:226:5)
177 verbose pkgid arp-a@0.5.2
178 verbose cwd /home/ubuntu/MTapp
179 error Linux 4.4.0-1020-aws
180 error argv "/usr/bin/nodejs" "/usr/bin/npm" "install" "arp-a" "--save"
181 error node v6.11.0
182 error npm  v3.10.10
183 error code ELIFECYCLE
184 error arp-a@0.5.2 install: `node-gyp rebuild`
184 error Exit status 1
185 error Failed at the arp-a@0.5.2 install script 'node-gyp rebuild'.
185 error Make sure you have the latest version of node.js and npm installed.
185 error If you do, this is most likely a problem with the arp-a package,
185 error not with npm itself.
185 error Tell the author that this fails on your system:
185 error     node-gyp rebuild
185 error You can get information on how to open an issue for this project with:
185 error     npm bugs arp-a
185 error Or if that isn't available, you can get their info via:
185 error     npm owner ls arp-a
185 error There is likely additional logging output above.
186 verbose exit [ 1, true ]
